Using pre-set license
Built from '2020.3/staging' branch; Version is '2020.3.5f1 (8095aa901b9b) revision 8426922'; Using compiler version '192528614'; Build Type 'Release'
OS: 'Windows 10 Pro; OS build 19042.1165; Version 2009; 64bit' Language: 'pt' Physical Memory: 8108 MB
BatchMode: 1, IsHumanControllingUs: 0, StartBugReporterOnCrash: 0, Is64bit: 1, IsPro: 0

 COMMAND LINE ARGUMENTS:
C:\Program Files\Unity\Hub\Editor\2020.3.5f1\Editor\Unity.exe
-adb2
-batchMode
-noUpm
-name
AssetImportWorker0
-projectPath
C:/Users/Atrito/Desktop/zé ricardo/Consoles/New Unity Project
-logFile
Logs/AssetImportWorker0.log
-srvPort
55631
Successfully changed project path to: C:/Users/Atrito/Desktop/zé ricardo/Consoles/New Unity Project
C:/Users/Atrito/Desktop/zé ricardo/Consoles/New Unity Project
Using Asset Import Pipeline V2.
Refreshing native plugins compatible for Editor in 48.65 ms, found 0 plugins.
Preloading 0 native plugins for Editor in 0.00 ms.
Initialize engine version: 2020.3.5f1 (8095aa901b9b)
[Subsystems] Discovering subsystems at path C:/Program Files/Unity/Hub/Editor/2020.3.5f1/Editor/Data/Resources/UnitySubsystems
[Subsystems] Discovering subsystems at path C:/Users/Atrito/Desktop/zé ricardo/Consoles/New Unity Project/Assets
GfxDevice: creating device client; threaded=0
Direct3D:
    Version:  Direct3D 11.0 [level 11.0]
    Renderer: NVIDIA GeForce 710M (ID=0x1140)
    Vendor:   
    VRAM:     1990 MB
    Driver:   23.21.13.9135
Initialize mono
Mono path[0] = 'C:/Program Files/Unity/Hub/Editor/2020.3.5f1/Editor/Data/Managed'
Mono path[1] = 'C:/Program Files/Unity/Hub/Editor/2020.3.5f1/Editor/Data/MonoBleedingEdge/lib/mono/unityjit'
Mono config path = 'C:/Program Files/Unity/Hub/Editor/2020.3.5f1/Editor/Data/MonoBleedingEdge/etc'
Using monoOptions --debugger-agent=transport=dt_socket,embedding=1,server=y,suspend=n,address=127.0.0.1:56460
Begin MonoManager ReloadAssembly
Registering precompiled unity dll's ...
Register platform support module: C:/Program Files/Unity/Hub/Editor/2020.3.5f1/Editor/Data/PlaybackEngines/WindowsStandaloneSupport/UnityEditor.WindowsStandalone.Extensions.dll
Registered in 0.002955 seconds.
Native extension for WindowsStandalone target not found
Refreshing native plugins compatible for Editor in 34.44 ms, found 0 plugins.
Preloading 0 native plugins for Editor in 0.00 ms.
Mono: successfully reloaded assembly
- Completed reload, in  2.070 seconds
Platform modules already initialized, skipping
Registering precompiled user dll's ...
Registered in 0.001031 seconds.
Begin MonoManager ReloadAssembly
Native extension for WindowsStandalone target not found
Refreshing native plugins compatible for Editor in 0.26 ms, found 0 plugins.
Preloading 0 native plugins for Editor in 0.00 ms.
Mono: successfully reloaded assembly
- Completed reload, in  1.508 seconds
Platform modules already initialized, skipping
========================================================================
Worker process is ready to serve import requests
Launched and connected shader compiler UnityShaderCompiler.exe after 0.10 seconds
Refreshing native plugins compatible for Editor in 0.26 ms, found 0 plugins.
Preloading 0 native plugins for Editor in 0.00 ms.
Unloading 1118 Unused Serialized files (Serialized files now loaded: 0)
System memory in use before: 57.2 MB.
System memory in use after: 57.3 MB.

Unloading 10 unused Assets to reduce memory usage. Loaded Objects now: 1560.
Total: 2.828200 ms (FindLiveObjects: 0.318000 ms CreateObjectMapping: 0.066700 ms MarkObjects: 2.292800 ms  DeleteObjects: 0.148200 ms)

========================================================================
Received Import Request.
  path: Assets/Floor.prefab
  artifactKey: Guid(1b7f49a2a8a3e6343bd9b688e87fcc7a) Importer(815301076,1909f56bfc062723c751e8b465ee728b)
Start importing Assets/Floor.prefab using Guid(1b7f49a2a8a3e6343bd9b688e87fcc7a) Importer(815301076,1909f56bfc062723c751e8b465ee728b) You are trying to create a MonoBehaviour using the 'new' keyword.  This is not allowed.  MonoBehaviours can only be added using AddComponent(). Alternatively, your script can inherit from ScriptableObject or no base class at all
UnityEngine.StackTraceUtility:ExtractStackTrace ()
UnityEngine.MonoBehaviour:.ctor ()
RandColorCS:.ctor () (at Assets/RandColorCS.cs:32)
verificador:.ctor () (at Assets/verificador.cs:8)

[Assets/RandColorCS.cs line 32]

You are trying to create a MonoBehaviour using the 'new' keyword.  This is not allowed.  MonoBehaviours can only be added using AddComponent(). Alternatively, your script can inherit from ScriptableObject or no base class at all
UnityEngine.StackTraceUtility:ExtractStackTrace ()
UnityEngine.MonoBehaviour:.ctor ()
RandColorCS:.ctor () (at Assets/RandColorCS.cs:32)
verificador:.ctor () (at Assets/verificador.cs:8)
UnityEditor.EditorUtility:Internal_InstantiateRemoveAllNonAnimationComponentsSingle (UnityEngine.Object,UnityEngine.Vector3,UnityEngine.Quaternion)
UnityEditor.EditorUtility:InstantiateRemoveAllNonAnimationComponents (UnityEngine.Object,UnityEngine.Vector3,UnityEngine.Quaternion)
UnityEditor.EditorUtility:InstantiateForAnimatorPreview (UnityEngine.Object)
UnityEditor.GameObjectInspector/PreviewData:UpdateGameObject (UnityEngine.Object)
UnityEditor.GameObjectInspector/PreviewData:.ctor (UnityEngine.Object)
UnityEditor.GameObjectInspector:GetPreviewData ()
UnityEditor.GameObjectInspector:RenderStaticPreview (string,UnityEngine.Object[],int,int)
UnityEditor.AssetPreviewUpdater:CreatePreviewForAsset (UnityEngine.Object,UnityEngine.Object[],string)

[Assets/RandColorCS.cs line 32]

 -> (artifact id: '8ffad0e2f604a7721a173a9ce96f33f0') in 2.397231 seconds
  Import took 2.734150 seconds .

========================================================================
Received Import Request.
  Time since last request: 0.170102 seconds.
  path: Assets/Floor.prefab
  artifactKey: Guid(1b7f49a2a8a3e6343bd9b688e87fcc7a) Importer(815301076,1909f56bfc062723c751e8b465ee728b)
Start importing Assets/Floor.prefab using Guid(1b7f49a2a8a3e6343bd9b688e87fcc7a) Importer(815301076,1909f56bfc062723c751e8b465ee728b) You are trying to create a MonoBehaviour using the 'new' keyword.  This is not allowed.  MonoBehaviours can only be added using AddComponent(). Alternatively, your script can inherit from ScriptableObject or no base class at all
UnityEngine.StackTraceUtility:ExtractStackTrace ()
UnityEngine.MonoBehaviour:.ctor ()
RandColorCS:.ctor () (at Assets/RandColorCS.cs:32)
verificador:.ctor () (at Assets/verificador.cs:8)

[Assets/RandColorCS.cs line 32]

You are trying to create a MonoBehaviour using the 'new' keyword.  This is not allowed.  MonoBehaviours can only be added using AddComponent(). Alternatively, your script can inherit from ScriptableObject or no base class at all
UnityEngine.StackTraceUtility:ExtractStackTrace ()
UnityEngine.MonoBehaviour:.ctor ()
RandColorCS:.ctor () (at Assets/RandColorCS.cs:32)
verificador:.ctor () (at Assets/verificador.cs:8)
UnityEditor.EditorUtility:Internal_InstantiateRemoveAllNonAnimationComponentsSingle (UnityEngine.Object,UnityEngine.Vector3,UnityEngine.Quaternion)
UnityEditor.EditorUtility:InstantiateRemoveAllNonAnimationComponents (UnityEngine.Object,UnityEngine.Vector3,UnityEngine.Quaternion)
UnityEditor.EditorUtility:InstantiateForAnimatorPreview (UnityEngine.Object)
UnityEditor.GameObjectInspector/PreviewData:UpdateGameObject (UnityEngine.Object)
UnityEditor.GameObjectInspector/PreviewData:.ctor (UnityEngine.Object)
UnityEditor.GameObjectInspector:GetPreviewData ()
UnityEditor.GameObjectInspector:RenderStaticPreview (string,UnityEngine.Object[],int,int)
UnityEditor.AssetPreviewUpdater:CreatePreviewForAsset (UnityEngine.Object,UnityEngine.Object[],string)

[Assets/RandColorCS.cs line 32]

 -> (artifact id: '8ffad0e2f604a7721a173a9ce96f33f0') in 0.366328 seconds
  Import took 0.484195 seconds .

========================================================================
Received Import Request.
  Time since last request: 119.953293 seconds.
  path: Assets/verificador.cs
  artifactKey: Guid(7cd1ac3f577c3504ab66d1502f517ca5) Importer(815301076,1909f56bfc062723c751e8b465ee728b)
Start importing Assets/verificador.cs using Guid(7cd1ac3f577c3504ab66d1502f517ca5) Importer(815301076,1909f56bfc062723c751e8b465ee728b)  -> (artifact id: 'fae0a8ea9a628de72f195c05b41389f6') in 0.966779 seconds
  Import took 0.994514 seconds .

========================================================================
Received Import Request.
  Time since last request: 177.484736 seconds.
  path: Assets/Floor.prefab
  artifactKey: Guid(1b7f49a2a8a3e6343bd9b688e87fcc7a) Importer(815301076,1909f56bfc062723c751e8b465ee728b)
Start importing Assets/Floor.prefab using Guid(1b7f49a2a8a3e6343bd9b688e87fcc7a) Importer(815301076,1909f56bfc062723c751e8b465ee728b) You are trying to create a MonoBehaviour using the 'new' keyword.  This is not allowed.  MonoBehaviours can only be added using AddComponent(). Alternatively, your script can inherit from ScriptableObject or no base class at all
UnityEngine.StackTraceUtility:ExtractStackTrace ()
UnityEngine.MonoBehaviour:.ctor ()
RandColorCS:.ctor () (at Assets/RandColorCS.cs:32)
verificador:.ctor () (at Assets/verificador.cs:8)

[Assets/RandColorCS.cs line 32]

You are trying to create a MonoBehaviour using the 'new' keyword.  This is not allowed.  MonoBehaviours can only be added using AddComponent(). Alternatively, your script can inherit from ScriptableObject or no base class at all
UnityEngine.StackTraceUtility:ExtractStackTrace ()
UnityEngine.MonoBehaviour:.ctor ()
RandColorCS:.ctor () (at Assets/RandColorCS.cs:32)
verificador:.ctor () (at Assets/verificador.cs:8)
UnityEditor.EditorUtility:Internal_InstantiateRemoveAllNonAnimationComponentsSingle (UnityEngine.Object,UnityEngine.Vector3,UnityEngine.Quaternion)
UnityEditor.EditorUtility:InstantiateRemoveAllNonAnimationComponents (UnityEngine.Object,UnityEngine.Vector3,UnityEngine.Quaternion)
UnityEditor.EditorUtility:InstantiateForAnimatorPreview (UnityEngine.Object)
UnityEditor.GameObjectInspector/PreviewData:UpdateGameObject (UnityEngine.Object)
UnityEditor.GameObjectInspector/PreviewData:.ctor (UnityEngine.Object)
UnityEditor.GameObjectInspector:GetPreviewData ()
UnityEditor.GameObjectInspector:RenderStaticPreview (string,UnityEngine.Object[],int,int)
UnityEditor.AssetPreviewUpdater:CreatePreviewForAsset (UnityEngine.Object,UnityEngine.Object[],string)

[Assets/RandColorCS.cs line 32]

 -> (artifact id: '5144ffb72b798e7acb8f9e3937d1d18a') in 0.266453 seconds
  Import took 0.292563 seconds .

========================================================================
Received Import Request.
  Time since last request: 11.660982 seconds.
  path: Assets/Floor.prefab
  artifactKey: Guid(1b7f49a2a8a3e6343bd9b688e87fcc7a) Importer(815301076,1909f56bfc062723c751e8b465ee728b)
Start importing Assets/Floor.prefab using Guid(1b7f49a2a8a3e6343bd9b688e87fcc7a) Importer(815301076,1909f56bfc062723c751e8b465ee728b) You are trying to create a MonoBehaviour using the 'new' keyword.  This is not allowed.  MonoBehaviours can only be added using AddComponent(). Alternatively, your script can inherit from ScriptableObject or no base class at all
UnityEngine.StackTraceUtility:ExtractStackTrace ()
UnityEngine.MonoBehaviour:.ctor ()
RandColorCS:.ctor () (at Assets/RandColorCS.cs:32)
verificador:.ctor () (at Assets/verificador.cs:8)

[Assets/RandColorCS.cs line 32]

You are trying to create a MonoBehaviour using the 'new' keyword.  This is not allowed.  MonoBehaviours can only be added using AddComponent(). Alternatively, your script can inherit from ScriptableObject or no base class at all
UnityEngine.StackTraceUtility:ExtractStackTrace ()
UnityEngine.MonoBehaviour:.ctor ()
RandColorCS:.ctor () (at Assets/RandColorCS.cs:32)
verificador:.ctor () (at Assets/verificador.cs:8)
UnityEditor.EditorUtility:Internal_InstantiateRemoveAllNonAnimationComponentsSingle (UnityEngine.Object,UnityEngine.Vector3,UnityEngine.Quaternion)
UnityEditor.EditorUtility:InstantiateRemoveAllNonAnimationComponents (UnityEngine.Object,UnityEngine.Vector3,UnityEngine.Quaternion)
UnityEditor.EditorUtility:InstantiateForAnimatorPreview (UnityEngine.Object)
UnityEditor.GameObjectInspector/PreviewData:UpdateGameObject (UnityEngine.Object)
UnityEditor.GameObjectInspector/PreviewData:.ctor (UnityEngine.Object)
UnityEditor.GameObjectInspector:GetPreviewData ()
UnityEditor.GameObjectInspector:RenderStaticPreview (string,UnityEngine.Object[],int,int)
UnityEditor.AssetPreviewUpdater:CreatePreviewForAsset (UnityEngine.Object,UnityEngine.Object[],string)

[Assets/RandColorCS.cs line 32]

 -> (artifact id: '1dfb21760e25db49e985f213ebc69bb4') in 0.368306 seconds
  Import took 0.432541 seconds .

========================================================================
Received Import Request.
  Time since last request: 4.247149 seconds.
  path: Assets/Floor.prefab
  artifactKey: Guid(1b7f49a2a8a3e6343bd9b688e87fcc7a) Importer(815301076,1909f56bfc062723c751e8b465ee728b)
Start importing Assets/Floor.prefab using Guid(1b7f49a2a8a3e6343bd9b688e87fcc7a) Importer(815301076,1909f56bfc062723c751e8b465ee728b) You are trying to create a MonoBehaviour using the 'new' keyword.  This is not allowed.  MonoBehaviours can only be added using AddComponent(). Alternatively, your script can inherit from ScriptableObject or no base class at all
UnityEngine.StackTraceUtility:ExtractStackTrace ()
UnityEngine.MonoBehaviour:.ctor ()
RandColorCS:.ctor () (at Assets/RandColorCS.cs:32)
verificador:.ctor () (at Assets/verificador.cs:8)

[Assets/RandColorCS.cs line 32]

You are trying to create a MonoBehaviour using the 'new' keyword.  This is not allowed.  MonoBehaviours can only be added using AddComponent(). Alternatively, your script can inherit from ScriptableObject or no base class at all
UnityEngine.StackTraceUtility:ExtractStackTrace ()
UnityEngine.MonoBehaviour:.ctor ()
RandColorCS:.ctor () (at Assets/RandColorCS.cs:32)
verificador:.ctor () (at Assets/verificador.cs:8)
UnityEditor.EditorUtility:Internal_InstantiateRemoveAllNonAnimationComponentsSingle (UnityEngine.Object,UnityEngine.Vector3,UnityEngine.Quaternion)
UnityEditor.EditorUtility:InstantiateRemoveAllNonAnimationComponents (UnityEngine.Object,UnityEngine.Vector3,UnityEngine.Quaternion)
UnityEditor.EditorUtility:InstantiateForAnimatorPreview (UnityEngine.Object)
UnityEditor.GameObjectInspector/PreviewData:UpdateGameObject (UnityEngine.Object)
UnityEditor.GameObjectInspector/PreviewData:.ctor (UnityEngine.Object)
UnityEditor.GameObjectInspector:GetPreviewData ()
UnityEditor.GameObjectInspector:RenderStaticPreview (string,UnityEngine.Object[],int,int)
UnityEditor.AssetPreviewUpdater:CreatePreviewForAsset (UnityEngine.Object,UnityEngine.Object[],string)

[Assets/RandColorCS.cs line 32]

 -> (artifact id: '18106a1306270b42e4d0933aabea4fe2') in 0.025327 seconds
  Import took 0.030645 seconds .

========================================================================
Received Import Request.
  Time since last request: 3.085195 seconds.
  path: Assets/Floor.prefab
  artifactKey: Guid(1b7f49a2a8a3e6343bd9b688e87fcc7a) Importer(815301076,1909f56bfc062723c751e8b465ee728b)
Start importing Assets/Floor.prefab using Guid(1b7f49a2a8a3e6343bd9b688e87fcc7a) Importer(815301076,1909f56bfc062723c751e8b465ee728b) You are trying to create a MonoBehaviour using the 'new' keyword.  This is not allowed.  MonoBehaviours can only be added using AddComponent(). Alternatively, your script can inherit from ScriptableObject or no base class at all
UnityEngine.StackTraceUtility:ExtractStackTrace ()
UnityEngine.MonoBehaviour:.ctor ()
RandColorCS:.ctor () (at Assets/RandColorCS.cs:32)
verificador:.ctor () (at Assets/verificador.cs:8)

[Assets/RandColorCS.cs line 32]

You are trying to create a MonoBehaviour using the 'new' keyword.  This is not allowed.  MonoBehaviours can only be added using AddComponent(). Alternatively, your script can inherit from ScriptableObject or no base class at all
UnityEngine.StackTraceUtility:ExtractStackTrace ()
UnityEngine.MonoBehaviour:.ctor ()
RandColorCS:.ctor () (at Assets/RandColorCS.cs:32)
verificador:.ctor () (at Assets/verificador.cs:8)
UnityEditor.EditorUtility:Internal_InstantiateRemoveAllNonAnimationComponentsSingle (UnityEngine.Object,UnityEngine.Vector3,UnityEngine.Quaternion)
UnityEditor.EditorUtility:InstantiateRemoveAllNonAnimationComponents (UnityEngine.Object,UnityEngine.Vector3,UnityEngine.Quaternion)
UnityEditor.EditorUtility:InstantiateForAnimatorPreview (UnityEngine.Object)
UnityEditor.GameObjectInspector/PreviewData:UpdateGameObject (UnityEngine.Object)
UnityEditor.GameObjectInspector/PreviewData:.ctor (UnityEngine.Object)
UnityEditor.GameObjectInspector:GetPreviewData ()
UnityEditor.GameObjectInspector:RenderStaticPreview (string,UnityEngine.Object[],int,int)
UnityEditor.AssetPreviewUpdater:CreatePreviewForAsset (UnityEngine.Object,UnityEngine.Object[],string)

[Assets/RandColorCS.cs line 32]

 -> (artifact id: 'ed571f43f2109d5bffc2be7216bf8b0d') in 0.267967 seconds
  Import took 0.310861 seconds .

========================================================================
Received Import Request.
  Time since last request: 179.348305 seconds.
  path: Assets/cube.prefab
  artifactKey: Guid(06ee2f431073b474b9e37e148b69c341) Importer(815301076,1909f56bfc062723c751e8b465ee728b)
Start importing Assets/cube.prefab using Guid(06ee2f431073b474b9e37e148b69c341) Importer(815301076,1909f56bfc062723c751e8b465ee728b)  -> (artifact id: '5d3fa2fe1093ff6e76aac18797910f55') in 0.924028 seconds
  Import took 1.077811 seconds .

========================================================================
Received Import Request.
  Time since last request: 1.114461 seconds.
  path: Assets/cube.prefab
  artifactKey: Guid(06ee2f431073b474b9e37e148b69c341) Importer(815301076,1909f56bfc062723c751e8b465ee728b)
Start importing Assets/cube.prefab using Guid(06ee2f431073b474b9e37e148b69c341) Importer(815301076,1909f56bfc062723c751e8b465ee728b)  -> (artifact id: 'f7b86b30c11ab66ae1922c4bdb3e518d') in 0.022534 seconds
  Import took 0.026383 seconds .

========================================================================
Received Import Request.
  Time since last request: 2.230615 seconds.
  path: Assets/cube.prefab
  artifactKey: Guid(06ee2f431073b474b9e37e148b69c341) Importer(815301076,1909f56bfc062723c751e8b465ee728b)
Start importing Assets/cube.prefab using Guid(06ee2f431073b474b9e37e148b69c341) Importer(815301076,1909f56bfc062723c751e8b465ee728b)  -> (artifact id: '5b15045cb64cd72c50d8032d3f70757b') in 0.044843 seconds
  Import took 0.182027 seconds .

========================================================================
Received Prepare
Registering precompiled user dll's ...
Registered in 0.001221 seconds.
Begin MonoManager ReloadAssembly
Native extension for WindowsStandalone target not found
Refreshing native plugins compatible for Editor in 0.81 ms, found 0 plugins.
Preloading 0 native plugins for Editor in 0.00 ms.
Mono: successfully reloaded assembly
- Completed reload, in  2.139 seconds
Platform modules already initialized, skipping
Refreshing native plugins compatible for Editor in 0.44 ms, found 0 plugins.
Preloading 0 native plugins for Editor in 0.00 ms.
Unloading 1113 Unused Serialized files (Serialized files now loaded: 0)
System memory in use before: 60.4 MB.
System memory in use after: 60.5 MB.

Unloading 6 unused Assets to reduce memory usage. Loaded Objects now: 1571.
Total: 4.326500 ms (FindLiveObjects: 0.356600 ms CreateObjectMapping: 0.157400 ms MarkObjects: 3.693100 ms  DeleteObjects: 0.116600 ms)

========================================================================
Received Prepare
Registering precompiled user dll's ...
Registered in 0.051227 seconds.
Begin MonoManager ReloadAssembly
Native extension for WindowsStandalone target not found
Refreshing native plugins compatible for Editor in 2.50 ms, found 0 plugins.
Preloading 0 native plugins for Editor in 0.00 ms.
Mono: successfully reloaded assembly
- Completed reload, in  3.319 seconds
Platform modules already initialized, skipping
Refreshing native plugins compatible for Editor in 0.51 ms, found 0 plugins.
Preloading 0 native plugins for Editor in 0.00 ms.
Unloading 1113 Unused Serialized files (Serialized files now loaded: 0)
System memory in use before: 60.5 MB.
System memory in use after: 60.5 MB.

Unloading 5 unused Assets to reduce memory usage. Loaded Objects now: 1574.
Total: 5.108900 ms (FindLiveObjects: 0.477100 ms CreateObjectMapping: 0.081500 ms MarkObjects: 4.391400 ms  DeleteObjects: 0.155200 ms)

========================================================================
Received Import Request.
  Time since last request: 126.242488 seconds.
  path: Assets/verificador.cs
  artifactKey: Guid(7cd1ac3f577c3504ab66d1502f517ca5) Importer(815301076,1909f56bfc062723c751e8b465ee728b)
Start importing Assets/verificador.cs using Guid(7cd1ac3f577c3504ab66d1502f517ca5) Importer(815301076,1909f56bfc062723c751e8b465ee728b)  -> (artifact id: '50117c7ac7f43806086fc983ee31a09f') in 0.215254 seconds
  Import took 0.239354 seconds .

========================================================================
Received Import Request.
  Time since last request: 1.520958 seconds.
  path: Assets/Floor.prefab
  artifactKey: Guid(1b7f49a2a8a3e6343bd9b688e87fcc7a) Importer(815301076,1909f56bfc062723c751e8b465ee728b)
Start importing Assets/Floor.prefab using Guid(1b7f49a2a8a3e6343bd9b688e87fcc7a) Importer(815301076,1909f56bfc062723c751e8b465ee728b)  -> (artifact id: 'e3c5c39497a20271f1154656410dddab') in 0.378355 seconds
  Import took 0.407797 seconds .

========================================================================
Received Import Request.
  Time since last request: 7.947513 seconds.
  path: Assets/Floor.prefab
  artifactKey: Guid(1b7f49a2a8a3e6343bd9b688e87fcc7a) Importer(815301076,1909f56bfc062723c751e8b465ee728b)
Start importing Assets/Floor.prefab using Guid(1b7f49a2a8a3e6343bd9b688e87fcc7a) Importer(815301076,1909f56bfc062723c751e8b465ee728b)  -> (artifact id: 'd51ea20c98da03ed8e4d88429e42c431') in 0.283079 seconds
  Import took 0.312622 seconds .

========================================================================
Received Prepare
Registering precompiled user dll's ...
Registered in 0.000985 seconds.
Begin MonoManager ReloadAssembly
Native extension for WindowsStandalone target not found
Refreshing native plugins compatible for Editor in 0.35 ms, found 0 plugins.
Preloading 0 native plugins for Editor in 0.00 ms.
Mono: successfully reloaded assembly
- Completed reload, in  1.356 seconds
Platform modules already initialized, skipping
Refreshing native plugins compatible for Editor in 0.27 ms, found 0 plugins.
Preloading 0 native plugins for Editor in 0.00 ms.
Unloading 1113 Unused Serialized files (Serialized files now loaded: 0)
System memory in use before: 60.5 MB.
System memory in use after: 60.6 MB.

Unloading 6 unused Assets to reduce memory usage. Loaded Objects now: 1578.
Total: 2.675200 ms (FindLiveObjects: 0.159900 ms CreateObjectMapping: 0.049900 ms MarkObjects: 2.378900 ms  DeleteObjects: 0.084400 ms)

========================================================================
Received Import Request.
  Time since last request: 292.275539 seconds.
  path: Assets/Floor.prefab
  artifactKey: Guid(1b7f49a2a8a3e6343bd9b688e87fcc7a) Importer(815301076,1909f56bfc062723c751e8b465ee728b)
Start importing Assets/Floor.prefab using Guid(1b7f49a2a8a3e6343bd9b688e87fcc7a) Importer(815301076,1909f56bfc062723c751e8b465ee728b)  -> (artifact id: '89534444b136b2c3e81a2237f09bbb97') in 0.829018 seconds
  Import took 0.858430 seconds .

========================================================================
Received Import Request.
  Time since last request: 3.099717 seconds.
  path: Assets/Floor.prefab
  artifactKey: Guid(1b7f49a2a8a3e6343bd9b688e87fcc7a) Importer(815301076,1909f56bfc062723c751e8b465ee728b)
Start importing Assets/Floor.prefab using Guid(1b7f49a2a8a3e6343bd9b688e87fcc7a) Importer(815301076,1909f56bfc062723c751e8b465ee728b)  -> (artifact id: '3065657544fdb3b74e8f1ffd749c25e8') in 0.027556 seconds
  Import took 0.042965 seconds .

========================================================================
Received Prepare
Registering precompiled user dll's ...
Registered in 0.004296 seconds.
Begin MonoManager ReloadAssembly
Native extension for WindowsStandalone target not found
Refreshing native plugins compatible for Editor in 0.27 ms, found 0 plugins.
Preloading 0 native plugins for Editor in 0.00 ms.
Mono: successfully reloaded assembly
- Completed reload, in  1.927 seconds
Platform modules already initialized, skipping
Refreshing native plugins compatible for Editor in 0.38 ms, found 0 plugins.
Preloading 0 native plugins for Editor in 0.00 ms.
Unloading 1113 Unused Serialized files (Serialized files now loaded: 0)
System memory in use before: 60.5 MB.
System memory in use after: 60.6 MB.

Unloading 6 unused Assets to reduce memory usage. Loaded Objects now: 1582.
Total: 2.406400 ms (FindLiveObjects: 0.173100 ms CreateObjectMapping: 0.054700 ms MarkObjects: 2.089700 ms  DeleteObjects: 0.086800 ms)

========================================================================
Received Prepare
Registering precompiled user dll's ...
Registered in 0.001139 seconds.
Begin MonoManager ReloadAssembly
Native extension for WindowsStandalone target not found
Refreshing native plugins compatible for Editor in 0.27 ms, found 0 plugins.
Preloading 0 native plugins for Editor in 0.00 ms.
Mono: successfully reloaded assembly
- Completed reload, in  1.583 seconds
Platform modules already initialized, skipping
Refreshing native plugins compatible for Editor in 0.28 ms, found 0 plugins.
Preloading 0 native plugins for Editor in 0.00 ms.
Unloading 1113 Unused Serialized files (Serialized files now loaded: 0)
System memory in use before: 60.5 MB.
System memory in use after: 60.6 MB.

Unloading 5 unused Assets to reduce memory usage. Loaded Objects now: 1585.
Total: 2.646900 ms (FindLiveObjects: 0.215400 ms CreateObjectMapping: 0.108200 ms MarkObjects: 2.234000 ms  DeleteObjects: 0.087000 ms)

========================================================================
Received Prepare
Registering precompiled user dll's ...
Registered in 0.001647 seconds.
Begin MonoManager ReloadAssembly
Native extension for WindowsStandalone target not found
Refreshing native plugins compatible for Editor in 0.48 ms, found 0 plugins.
Preloading 0 native plugins for Editor in 0.00 ms.
Mono: successfully reloaded assembly
- Completed reload, in  2.335 seconds
Platform modules already initialized, skipping
Refreshing native plugins compatible for Editor in 0.30 ms, found 0 plugins.
Preloading 0 native plugins for Editor in 0.00 ms.
Unloading 1113 Unused Serialized files (Serialized files now loaded: 0)
System memory in use before: 60.5 MB.
System memory in use after: 60.6 MB.

Unloading 5 unused Assets to reduce memory usage. Loaded Objects now: 1588.
Total: 3.056800 ms (FindLiveObjects: 0.186300 ms CreateObjectMapping: 0.062100 ms MarkObjects: 2.729300 ms  DeleteObjects: 0.076700 ms)

========================================================================
Received Prepare
Registering precompiled user dll's ...
Registered in 0.001844 seconds.
Begin MonoManager ReloadAssembly
Native extension for WindowsStandalone target not found
Refreshing native plugins compatible for Editor in 0.35 ms, found 0 plugins.
Preloading 0 native plugins for Editor in 0.00 ms.
Mono: successfully reloaded assembly
- Completed reload, in  3.067 seconds
Platform modules already initialized, skipping
Refreshing native plugins compatible for Editor in 0.28 ms, found 0 plugins.
Preloading 0 native plugins for Editor in 0.00 ms.
Unloading 1113 Unused Serialized files (Serialized files now loaded: 0)
System memory in use before: 60.5 MB.
System memory in use after: 60.6 MB.

Unloading 5 unused Assets to reduce memory usage. Loaded Objects now: 1591.
Total: 5.966700 ms (FindLiveObjects: 1.081200 ms CreateObjectMapping: 0.156500 ms MarkObjects: 4.552700 ms  DeleteObjects: 0.172700 ms)

========================================================================
Received Prepare
Registering precompiled user dll's ...
Registered in 0.001041 seconds.
Begin MonoManager ReloadAssembly
Native extension for WindowsStandalone target not found
Refreshing native plugins compatible for Editor in 0.26 ms, found 0 plugins.
Preloading 0 native plugins for Editor in 0.00 ms.
Mono: successfully reloaded assembly
- Completed reload, in  1.486 seconds
Platform modules already initialized, skipping
Refreshing native plugins compatible for Editor in 0.63 ms, found 0 plugins.
Preloading 0 native plugins for Editor in 0.00 ms.
Unloading 1113 Unused Serialized files (Serialized files now loaded: 0)
System memory in use before: 60.5 MB.
System memory in use after: 60.6 MB.

Unloading 5 unused Assets to reduce memory usage. Loaded Objects now: 1594.
Total: 6.545100 ms (FindLiveObjects: 0.380900 ms CreateObjectMapping: 0.098700 ms MarkObjects: 5.976700 ms  DeleteObjects: 0.086000 ms)

========================================================================
Received Prepare
Registering precompiled user dll's ...
Registered in 0.014492 seconds.
Begin MonoManager ReloadAssembly
Native extension for WindowsStandalone target not found
Refreshing native plugins compatible for Editor in 0.66 ms, found 0 plugins.
Preloading 0 native plugins for Editor in 0.00 ms.
Mono: successfully reloaded assembly
- Completed reload, in  7.789 seconds
Platform modules already initialized, skipping
Refreshing native plugins compatible for Editor in 0.48 ms, found 0 plugins.
Preloading 0 native plugins for Editor in 0.00 ms.
Unloading 1113 Unused Serialized files (Serialized files now loaded: 0)
System memory in use before: 60.5 MB.
System memory in use after: 60.6 MB.

Unloading 5 unused Assets to reduce memory usage. Loaded Objects now: 1597.
Total: 4.561100 ms (FindLiveObjects: 0.374100 ms CreateObjectMapping: 0.170800 ms MarkObjects: 3.904200 ms  DeleteObjects: 0.108900 ms)

========================================================================
Received Prepare
Registering precompiled user dll's ...
Registered in 0.002505 seconds.
Begin MonoManager ReloadAssembly
Native extension for WindowsStandalone target not found
Refreshing native plugins compatible for Editor in 0.63 ms, found 0 plugins.
Preloading 0 native plugins for Editor in 0.00 ms.
Mono: successfully reloaded assembly
- Completed reload, in  6.897 seconds
Platform modules already initialized, skipping
Refreshing native plugins compatible for Editor in 0.85 ms, found 0 plugins.
Preloading 0 native plugins for Editor in 0.00 ms.
Unloading 1113 Unused Serialized files (Serialized files now loaded: 0)
System memory in use before: 60.5 MB.
System memory in use after: 60.6 MB.

Unloading 5 unused Assets to reduce memory usage. Loaded Objects now: 1600.
Total: 8.299500 ms (FindLiveObjects: 0.329800 ms CreateObjectMapping: 0.117100 ms MarkObjects: 7.654100 ms  DeleteObjects: 0.194500 ms)

========================================================================
Received Prepare
Registering precompiled user dll's ...
Registered in 0.001167 seconds.
Begin MonoManager ReloadAssembly
Native extension for WindowsStandalone target not found
Refreshing native plugins compatible for Editor in 0.27 ms, found 0 plugins.
Preloading 0 native plugins for Editor in 0.00 ms.
Mono: successfully reloaded assembly
- Completed reload, in  2.405 seconds
Platform modules already initialized, skipping
Refreshing native plugins compatible for Editor in 0.31 ms, found 0 plugins.
Preloading 0 native plugins for Editor in 0.00 ms.
Unloading 1113 Unused Serialized files (Serialized files now loaded: 0)
System memory in use before: 60.6 MB.
System memory in use after: 60.6 MB.

Unloading 5 unused Assets to reduce memory usage. Loaded Objects now: 1603.
Total: 2.877200 ms (FindLiveObjects: 0.249000 ms CreateObjectMapping: 0.070900 ms MarkObjects: 2.474500 ms  DeleteObjects: 0.080200 ms)

========================================================================
Received Prepare
Registering precompiled user dll's ...
Registered in 0.001912 seconds.
Begin MonoManager ReloadAssembly
Native extension for WindowsStandalone target not found
Refreshing native plugins compatible for Editor in 0.45 ms, found 0 plugins.
Preloading 0 native plugins for Editor in 0.00 ms.
Mono: successfully reloaded assembly
- Completed reload, in  1.824 seconds
Platform modules already initialized, skipping
Refreshing native plugins compatible for Editor in 0.26 ms, found 0 plugins.
Preloading 0 native plugins for Editor in 0.00 ms.
Unloading 1113 Unused Serialized files (Serialized files now loaded: 0)
System memory in use before: 60.6 MB.
System memory in use after: 60.6 MB.

Unloading 5 unused Assets to reduce memory usage. Loaded Objects now: 1606.
Total: 5.567900 ms (FindLiveObjects: 1.961200 ms CreateObjectMapping: 0.184000 ms MarkObjects: 3.303800 ms  DeleteObjects: 0.115300 ms)

========================================================================
Received Import Request.
  Time since last request: 3857.760418 seconds.
  path: Assets/colorRandom.compute
  artifactKey: Guid(3f46f26a6fb5c8948b6549b8f6bd5307) Importer(815301076,1909f56bfc062723c751e8b465ee728b)
Start importing Assets/colorRandom.compute using Guid(3f46f26a6fb5c8948b6549b8f6bd5307) Importer(815301076,1909f56bfc062723c751e8b465ee728b)  -> (artifact id: 'a328fa5638c2b689087cd38cff7266d8') in 4.199141 seconds
  Import took 4.412358 seconds .

========================================================================
Received Prepare
Registering precompiled user dll's ...
Registered in 0.002185 seconds.
Begin MonoManager ReloadAssembly
Native extension for WindowsStandalone target not found
Refreshing native plugins compatible for Editor in 0.30 ms, found 0 plugins.
Preloading 0 native plugins for Editor in 0.00 ms.
Mono: successfully reloaded assembly
- Completed reload, in  2.105 seconds
Platform modules already initialized, skipping
Refreshing native plugins compatible for Editor in 0.34 ms, found 0 plugins.
Preloading 0 native plugins for Editor in 0.00 ms.
Unloading 1113 Unused Serialized files (Serialized files now loaded: 0)
System memory in use before: 60.6 MB.
System memory in use after: 60.6 MB.

Unloading 5 unused Assets to reduce memory usage. Loaded Objects now: 1609.
Total: 5.360300 ms (FindLiveObjects: 0.498000 ms CreateObjectMapping: 0.242800 ms MarkObjects: 4.500300 ms  DeleteObjects: 0.116100 ms)

========================================================================
Received Prepare
Registering precompiled user dll's ...
Registered in 0.001234 seconds.
Begin MonoManager ReloadAssembly
Native extension for WindowsStandalone target not found
Refreshing native plugins compatible for Editor in 1.16 ms, found 0 plugins.
Preloading 0 native plugins for Editor in 0.00 ms.
Mono: successfully reloaded assembly
- Completed reload, in  4.225 seconds
Platform modules already initialized, skipping
Refreshing native plugins compatible for Editor in 0.53 ms, found 0 plugins.
Preloading 0 native plugins for Editor in 0.00 ms.
Unloading 1113 Unused Serialized files (Serialized files now loaded: 0)
System memory in use before: 60.6 MB.
System memory in use after: 60.6 MB.

Unloading 5 unused Assets to reduce memory usage. Loaded Objects now: 1612.
Total: 9.261300 ms (FindLiveObjects: 0.558500 ms CreateObjectMapping: 0.112000 ms MarkObjects: 8.423400 ms  DeleteObjects: 0.164300 ms)

========================================================================
Received Prepare
Registering precompiled user dll's ...
Registered in 0.004895 seconds.
Begin MonoManager ReloadAssembly
Native extension for WindowsStandalone target not found
Refreshing native plugins compatible for Editor in 0.92 ms, found 0 plugins.
Preloading 0 native plugins for Editor in 0.00 ms.
Mono: successfully reloaded assembly
- Completed reload, in 23.263 seconds
Platform modules already initialized, skipping
Refreshing native plugins compatible for Editor in 1.78 ms, found 0 plugins.
Preloading 0 native plugins for Editor in 0.00 ms.
Unloading 1113 Unused Serialized files (Serialized files now loaded: 0)
System memory in use before: 60.6 MB.
System memory in use after: 60.6 MB.

Unloading 5 unused Assets to reduce memory usage. Loaded Objects now: 1615.
Total: 30.904200 ms (FindLiveObjects: 8.157200 ms CreateObjectMapping: 0.315400 ms MarkObjects: 22.161200 ms  DeleteObjects: 0.266800 ms)

========================================================================
Received Prepare
Registering precompiled user dll's ...
Registered in 0.001075 seconds.
Begin MonoManager ReloadAssembly
Native extension for WindowsStandalone target not found
Refreshing native plugins compatible for Editor in 0.29 ms, found 0 plugins.
Preloading 0 native plugins for Editor in 0.00 ms.
Mono: successfully reloaded assembly
- Completed reload, in  2.559 seconds
Platform modules already initialized, skipping
Refreshing native plugins compatible for Editor in 0.51 ms, found 0 plugins.
Preloading 0 native plugins for Editor in 0.00 ms.
Unloading 1113 Unused Serialized files (Serialized files now loaded: 0)
System memory in use before: 60.6 MB.
System memory in use after: 60.7 MB.

Unloading 5 unused Assets to reduce memory usage. Loaded Objects now: 1618.
Total: 6.504900 ms (FindLiveObjects: 0.253300 ms CreateObjectMapping: 0.115200 ms MarkObjects: 5.376300 ms  DeleteObjects: 0.751400 ms)

========================================================================
Received Prepare
Registering precompiled user dll's ...
Registered in 0.001587 seconds.
Begin MonoManager ReloadAssembly
Native extension for WindowsStandalone target not found
Refreshing native plugins compatible for Editor in 0.33 ms, found 0 plugins.
Preloading 0 native plugins for Editor in 0.00 ms.
Mono: successfully reloaded assembly
- Completed reload, in  2.011 seconds
Platform modules already initialized, skipping
Refreshing native plugins compatible for Editor in 0.27 ms, found 0 plugins.
Preloading 0 native plugins for Editor in 0.00 ms.
Unloading 1113 Unused Serialized files (Serialized files now loaded: 0)
System memory in use before: 60.6 MB.
System memory in use after: 60.7 MB.

Unloading 5 unused Assets to reduce memory usage. Loaded Objects now: 1621.
Total: 2.690300 ms (FindLiveObjects: 0.276100 ms CreateObjectMapping: 0.077700 ms MarkObjects: 2.247800 ms  DeleteObjects: 0.087000 ms)

========================================================================
Received Prepare
Registering precompiled user dll's ...
Registered in 0.003106 seconds.
Begin MonoManager ReloadAssembly
Native extension for WindowsStandalone target not found
Refreshing native plugins compatible for Editor in 0.35 ms, found 0 plugins.
Preloading 0 native plugins for Editor in 0.00 ms.
Mono: successfully reloaded assembly
- Completed reload, in  2.236 seconds
Platform modules already initialized, skipping
Refreshing native plugins compatible for Editor in 0.28 ms, found 0 plugins.
Preloading 0 native plugins for Editor in 0.00 ms.
Unloading 1113 Unused Serialized files (Serialized files now loaded: 0)
System memory in use before: 60.6 MB.
System memory in use after: 60.7 MB.

Unloading 5 unused Assets to reduce memory usage. Loaded Objects now: 1624.
Total: 6.064700 ms (FindLiveObjects: 0.321100 ms CreateObjectMapping: 0.156500 ms MarkObjects: 5.491300 ms  DeleteObjects: 0.092800 ms)

========================================================================
Received Prepare
Registering precompiled user dll's ...
Registered in 0.001213 seconds.
Begin MonoManager ReloadAssembly
Native extension for WindowsStandalone target not found
Refreshing native plugins compatible for Editor in 0.27 ms, found 0 plugins.
Preloading 0 native plugins for Editor in 0.00 ms.
Mono: successfully reloaded assembly
- Completed reload, in  2.465 seconds
Platform modules already initialized, skipping
Refreshing native plugins compatible for Editor in 0.26 ms, found 0 plugins.
Preloading 0 native plugins for Editor in 0.00 ms.
Unloading 1113 Unused Serialized files (Serialized files now loaded: 0)
System memory in use before: 60.6 MB.
System memory in use after: 60.7 MB.

Unloading 5 unused Assets to reduce memory usage. Loaded Objects now: 1627.
Total: 3.105500 ms (FindLiveObjects: 0.455100 ms CreateObjectMapping: 0.159900 ms MarkObjects: 2.397000 ms  DeleteObjects: 0.090200 ms)

========================================================================
Received Prepare
Registering precompiled user dll's ...
Registered in 0.001625 seconds.
Begin MonoManager ReloadAssembly
Native extension for WindowsStandalone target not found
Refreshing native plugins compatible for Editor in 0.30 ms, found 0 plugins.
Preloading 0 native plugins for Editor in 0.00 ms.
Mono: successfully reloaded assembly
- Completed reload, in  4.050 seconds
Platform modules already initialized, skipping
Refreshing native plugins compatible for Editor in 0.59 ms, found 0 plugins.
Preloading 0 native plugins for Editor in 0.00 ms.
Unloading 1113 Unused Serialized files (Serialized files now loaded: 0)
System memory in use before: 60.6 MB.
System memory in use after: 60.7 MB.

Unloading 5 unused Assets to reduce memory usage. Loaded Objects now: 1630.
Total: 3.451500 ms (FindLiveObjects: 0.638800 ms CreateObjectMapping: 0.141200 ms MarkObjects: 2.592200 ms  DeleteObjects: 0.074400 ms)

========================================================================
Received Prepare
Registering precompiled user dll's ...
Registered in 0.010157 seconds.
Begin MonoManager ReloadAssembly
Native extension for WindowsStandalone target not found
Refreshing native plugins compatible for Editor in 0.29 ms, found 0 plugins.
Preloading 0 native plugins for Editor in 0.00 ms.
Mono: successfully reloaded assembly
- Completed reload, in  3.092 seconds
Platform modules already initialized, skipping
Refreshing native plugins compatible for Editor in 0.26 ms, found 0 plugins.
Preloading 0 native plugins for Editor in 0.00 ms.
Unloading 1113 Unused Serialized files (Serialized files now loaded: 0)
System memory in use before: 60.6 MB.
System memory in use after: 60.7 MB.

Unloading 5 unused Assets to reduce memory usage. Loaded Objects now: 1633.
Total: 4.300200 ms (FindLiveObjects: 0.378600 ms CreateObjectMapping: 0.174300 ms MarkObjects: 3.624600 ms  DeleteObjects: 0.084400 ms)

========================================================================
Received Prepare
Registering precompiled user dll's ...
Registered in 0.068142 seconds.
Begin MonoManager ReloadAssembly
Native extension for WindowsStandalone target not found
Refreshing native plugins compatible for Editor in 0.30 ms, found 0 plugins.
Preloading 0 native plugins for Editor in 0.00 ms.
Mono: successfully reloaded assembly
- Completed reload, in  3.140 seconds
Platform modules already initialized, skipping
Refreshing native plugins compatible for Editor in 0.55 ms, found 0 plugins.
Preloading 0 native plugins for Editor in 0.00 ms.
Unloading 1113 Unused Serialized files (Serialized files now loaded: 0)
System memory in use before: 60.6 MB.
System memory in use after: 60.7 MB.

Unloading 5 unused Assets to reduce memory usage. Loaded Objects now: 1636.
Total: 6.216800 ms (FindLiveObjects: 0.583100 ms CreateObjectMapping: 0.277700 ms MarkObjects: 5.262800 ms  DeleteObjects: 0.089100 ms)

========================================================================
Received Prepare
Registering precompiled user dll's ...
Registered in 0.001154 seconds.
Begin MonoManager ReloadAssembly
Native extension for WindowsStandalone target not found
Refreshing native plugins compatible for Editor in 0.27 ms, found 0 plugins.
Preloading 0 native plugins for Editor in 0.00 ms.
Mono: successfully reloaded assembly
- Completed reload, in  3.966 seconds
Platform modules already initialized, skipping
Refreshing native plugins compatible for Editor in 0.28 ms, found 0 plugins.
Preloading 0 native plugins for Editor in 0.00 ms.
Unloading 1113 Unused Serialized files (Serialized files now loaded: 0)
System memory in use before: 60.6 MB.
System memory in use after: 60.7 MB.

Unloading 5 unused Assets to reduce memory usage. Loaded Objects now: 1639.
Total: 4.776000 ms (FindLiveObjects: 1.717500 ms CreateObjectMapping: 0.099900 ms MarkObjects: 2.847600 ms  DeleteObjects: 0.108400 ms)

